{
  "RSpec": {
    "coverage": {
      "/Users/ashleyturner/turing/3mod/lunch_and_learn/lunchin_and_learnin/config/environment.rb": {
        "lines": [
          null,
          1,
          null,
          null,
          1
        ]
      },
      "/Users/ashleyturner/turing/3mod/lunch_and_learn/lunchin_and_learnin/config/application.rb": {
        "lines": [
          1,
          null,
          1,
          null,
          1,
          1,
          1,
          1,
          1,
          1,
          1,
          1,
          null,
          null,
          null,
          null,
          null,
          1,
          null,
          1,
          1,
          null,
          1,
          null,
          null,
          null,
          null,
          null,
          null,
          null,
          null,
          null,
          1,
          null,
          null
        ]
      },
      "/Users/ashleyturner/turing/3mod/lunch_and_learn/lunchin_and_learnin/config/boot.rb": {
        "lines": [
          1,
          null,
          1,
          1
        ]
      },
      "/Users/ashleyturner/turing/3mod/lunch_and_learn/lunchin_and_learnin/config/environments/test.rb": {
        "lines": [
          1,
          null,
          null,
          null,
          null,
          null,
          null,
          1,
          null,
          null,
          null,
          null,
          1,
          null,
          null,
          1,
          1,
          null,
          null,
          null,
          null,
          1,
          1,
          null,
          null,
          1,
          null,
          null,
          1,
          null,
          null,
          1,
          null,
          1,
          null,
          null,
          null,
          null,
          1,
          null,
          null,
          1,
          null,
          null,
          null,
          null
        ]
      },
      "/Users/ashleyturner/turing/3mod/lunch_and_learn/lunchin_and_learnin/config/initializers/application_controller_renderer.rb": {
        "lines": [
          null,
          null,
          null,
          null,
          null,
          null,
          null,
          null
        ]
      },
      "/Users/ashleyturner/turing/3mod/lunch_and_learn/lunchin_and_learnin/config/initializers/backtrace_silencers.rb": {
        "lines": [
          null,
          null,
          null,
          null,
          null,
          null,
          null
        ]
      },
      "/Users/ashleyturner/turing/3mod/lunch_and_learn/lunchin_and_learnin/config/initializers/cors.rb": {
        "lines": [
          null,
          null,
          null,
          null,
          null,
          null,
          null,
          null,
          null,
          null,
          null,
          null,
          null,
          null,
          null,
          null
        ]
      },
      "/Users/ashleyturner/turing/3mod/lunch_and_learn/lunchin_and_learnin/config/initializers/filter_parameter_logging.rb": {
        "lines": [
          null,
          null,
          null,
          1
        ]
      },
      "/Users/ashleyturner/turing/3mod/lunch_and_learn/lunchin_and_learnin/config/initializers/inflections.rb": {
        "lines": [
          null,
          null,
          null,
          null,
          null,
          null,
          null,
          null,
          null,
          null,
          null,
          null,
          null,
          null,
          null,
          null
        ]
      },
      "/Users/ashleyturner/turing/3mod/lunch_and_learn/lunchin_and_learnin/config/initializers/mime_types.rb": {
        "lines": [
          null,
          null,
          null,
          null
        ]
      },
      "/Users/ashleyturner/turing/3mod/lunch_and_learn/lunchin_and_learnin/config/initializers/wrap_parameters.rb": {
        "lines": [
          null,
          null,
          null,
          null,
          null,
          null,
          1,
          2,
          null,
          null,
          null,
          null,
          null,
          null
        ]
      },
      "/Users/ashleyturner/turing/3mod/lunch_and_learn/lunchin_and_learnin/config/routes.rb": {
        "lines": [
          1,
          null,
          1,
          1,
          1,
          1,
          1,
          1,
          null,
          null,
          null
        ]
      },
      "/Users/ashleyturner/turing/3mod/lunch_and_learn/lunchin_and_learnin/app/facades/country_facade.rb": {
        "lines": [
          1,
          1,
          6,
          6,
          1500,
          null,
          null,
          null,
          1,
          4,
          null,
          null,
          1,
          1,
          null,
          null
        ]
      },
      "/Users/ashleyturner/turing/3mod/lunch_and_learn/lunchin_and_learnin/app/facades/learning_resources_facade.rb": {
        "lines": [
          1,
          1,
          4,
          4,
          null,
          4,
          40,
          null,
          null,
          0,
          null,
          null,
          null,
          1,
          4,
          4,
          4,
          1,
          null,
          3,
          null,
          null,
          null,
          1,
          4,
          null,
          null,
          1,
          2,
          2,
          2,
          null,
          null
        ]
      },
      "/Users/ashleyturner/turing/3mod/lunch_and_learn/lunchin_and_learnin/app/facades/recipe_facade.rb": {
        "lines": [
          1,
          1,
          2,
          2,
          2,
          40,
          null,
          null,
          null
        ]
      },
      "/Users/ashleyturner/turing/3mod/lunch_and_learn/lunchin_and_learnin/app/models/favorite.rb": {
        "lines": [
          1,
          1,
          null,
          1,
          1,
          1,
          1,
          null
        ]
      },
      "/Users/ashleyturner/turing/3mod/lunch_and_learn/lunchin_and_learnin/app/models/application_record.rb": {
        "lines": [
          1,
          1,
          null
        ]
      },
      "/Users/ashleyturner/turing/3mod/lunch_and_learn/lunchin_and_learnin/app/models/user.rb": {
        "lines": [
          1,
          1,
          null,
          1,
          1,
          1,
          null
        ]
      },
      "/Users/ashleyturner/turing/3mod/lunch_and_learn/lunchin_and_learnin/app/poros/learning_resource.rb": {
        "lines": [
          1,
          1,
          null,
          1,
          3,
          3,
          null,
          null
        ]
      },
      "/Users/ashleyturner/turing/3mod/lunch_and_learn/lunchin_and_learnin/app/poros/recipe.rb": {
        "lines": [
          1,
          1,
          null,
          1,
          41,
          41,
          41,
          41,
          null,
          null
        ]
      },
      "/Users/ashleyturner/turing/3mod/lunch_and_learn/lunchin_and_learnin/app/poros/video.rb": {
        "lines": [
          1,
          1,
          null,
          null,
          1,
          2,
          2,
          null,
          null
        ]
      },
      "/Users/ashleyturner/turing/3mod/lunch_and_learn/lunchin_and_learnin/app/services/edamam_service.rb": {
        "lines": [
          1,
          1,
          3,
          3,
          3,
          3,
          null,
          null,
          null,
          1,
          3,
          null,
          3,
          null,
          null
        ]
      },
      "/Users/ashleyturner/turing/3mod/lunch_and_learn/lunchin_and_learnin/app/services/unsplash_service.rb": {
        "lines": [
          1,
          1,
          5,
          5,
          null,
          null,
          null,
          1,
          5,
          null,
          5,
          null,
          null
        ]
      },
      "/Users/ashleyturner/turing/3mod/lunch_and_learn/lunchin_and_learnin/app/services/video_service.rb": {
        "lines": [
          1,
          1,
          5,
          5,
          5,
          5,
          null,
          null,
          null,
          1,
          5,
          null,
          5,
          null,
          null
        ]
      },
      "/Users/ashleyturner/turing/3mod/lunch_and_learn/lunchin_and_learnin/app/services/country_service.rb": {
        "lines": [
          1,
          1,
          6,
          6,
          null,
          null,
          1,
          6,
          null,
          null,
          1,
          6,
          null,
          null
        ]
      },
      "/Users/ashleyturner/turing/3mod/lunch_and_learn/lunchin_and_learnin/app/poros/image.rb": {
        "lines": [
          1,
          1,
          null,
          null,
          1,
          40,
          40,
          null,
          null
        ]
      },
      "/Users/ashleyturner/turing/3mod/lunch_and_learn/lunchin_and_learnin/app/controllers/api/v1/favorites_controller.rb": {
        "lines": [
          1,
          1,
          2,
          2,
          1,
          1,
          null,
          1,
          null,
          null,
          null,
          null,
          null,
          1,
          1,
          1,
          null,
          null
        ]
      },
      "/Users/ashleyturner/turing/3mod/lunch_and_learn/lunchin_and_learnin/app/controllers/application_controller.rb": {
        "lines": [
          1,
          null
        ]
      },
      "/Users/ashleyturner/turing/3mod/lunch_and_learn/lunchin_and_learnin/app/serializers/favorite_recipe_serializer.rb": {
        "lines": [
          1,
          1,
          null,
          1,
          null,
          null,
          null
        ]
      },
      "/Users/ashleyturner/turing/3mod/lunch_and_learn/lunchin_and_learnin/app/serializers/error_serializer.rb": {
        "lines": [
          1,
          1,
          null,
          1,
          null,
          null,
          null,
          null,
          1,
          null,
          1,
          null,
          null,
          null,
          null
        ]
      },
      "/Users/ashleyturner/turing/3mod/lunch_and_learn/lunchin_and_learnin/app/controllers/api/v1/recipes_controller.rb": {
        "lines": [
          1,
          1,
          1,
          1,
          1,
          1,
          null,
          null,
          null
        ]
      },
      "/Users/ashleyturner/turing/3mod/lunch_and_learn/lunchin_and_learnin/app/serializers/recipe_serializer.rb": {
        "lines": [
          1,
          1,
          null,
          1,
          null,
          20,
          null,
          null,
          null,
          null,
          null,
          null,
          null,
          null,
          null,
          null,
          null,
          null
        ]
      },
      "/Users/ashleyturner/turing/3mod/lunch_and_learn/lunchin_and_learnin/app/controllers/api/v1/users_controller.rb": {
        "lines": [
          1,
          1,
          2,
          2,
          1,
          1,
          null,
          1,
          null,
          null,
          null,
          1,
          1,
          2,
          null,
          null
        ]
      },
      "/Users/ashleyturner/turing/3mod/lunch_and_learn/lunchin_and_learnin/app/serializers/user_serializer.rb": {
        "lines": [
          1,
          1,
          null,
          1,
          null,
          null,
          null,
          null,
          null,
          null,
          null,
          null,
          null,
          null,
          null
        ]
      },
      "/Users/ashleyturner/turing/3mod/lunch_and_learn/lunchin_and_learnin/app/controllers/api/v1/learning_resources_controller.rb": {
        "lines": [
          1,
          1,
          1,
          1,
          1,
          1,
          null,
          null,
          null
        ]
      },
      "/Users/ashleyturner/turing/3mod/lunch_and_learn/lunchin_and_learnin/app/serializers/learning_resource_serializer.rb": {
        "lines": [
          1,
          1,
          null,
          1,
          null,
          null,
          null,
          null,
          null,
          null,
          null,
          null,
          null,
          null,
          10,
          null,
          null,
          null,
          null,
          null,
          null,
          null,
          null
        ]
      }
    },
    "timestamp": 1673916470
  }
}
