{
  "RSpec": {
    "coverage": {
      "/Users/ashleyturner/turing/3mod/lunch_and_learn/lunchin_and_learnin/config/environment.rb": {
        "lines": [
          null,
          1,
          null,
          null,
          1
        ]
      },
      "/Users/ashleyturner/turing/3mod/lunch_and_learn/lunchin_and_learnin/config/application.rb": {
        "lines": [
          1,
          null,
          1,
          null,
          1,
          1,
          1,
          1,
          1,
          1,
          1,
          1,
          null,
          null,
          null,
          null,
          null,
          1,
          null,
          1,
          1,
          null,
          1,
          null,
          null,
          null,
          null,
          null,
          null,
          null,
          null,
          null,
          1,
          null,
          null
        ]
      },
      "/Users/ashleyturner/turing/3mod/lunch_and_learn/lunchin_and_learnin/config/boot.rb": {
        "lines": [
          1,
          null,
          1,
          1
        ]
      },
      "/Users/ashleyturner/turing/3mod/lunch_and_learn/lunchin_and_learnin/config/environments/test.rb": {
        "lines": [
          1,
          null,
          null,
          null,
          null,
          null,
          null,
          1,
          null,
          null,
          null,
          null,
          1,
          null,
          null,
          1,
          1,
          null,
          null,
          null,
          null,
          1,
          1,
          null,
          null,
          1,
          null,
          null,
          1,
          null,
          null,
          1,
          null,
          1,
          null,
          null,
          null,
          null,
          1,
          null,
          null,
          1,
          null,
          null,
          null,
          null
        ]
      },
      "/Users/ashleyturner/turing/3mod/lunch_and_learn/lunchin_and_learnin/config/initializers/application_controller_renderer.rb": {
        "lines": [
          null,
          null,
          null,
          null,
          null,
          null,
          null,
          null
        ]
      },
      "/Users/ashleyturner/turing/3mod/lunch_and_learn/lunchin_and_learnin/config/initializers/backtrace_silencers.rb": {
        "lines": [
          null,
          null,
          null,
          null,
          null,
          null,
          null
        ]
      },
      "/Users/ashleyturner/turing/3mod/lunch_and_learn/lunchin_and_learnin/config/initializers/cors.rb": {
        "lines": [
          null,
          null,
          null,
          null,
          null,
          null,
          null,
          null,
          null,
          null,
          null,
          null,
          null,
          null,
          null,
          null
        ]
      },
      "/Users/ashleyturner/turing/3mod/lunch_and_learn/lunchin_and_learnin/config/initializers/filter_parameter_logging.rb": {
        "lines": [
          null,
          null,
          null,
          1
        ]
      },
      "/Users/ashleyturner/turing/3mod/lunch_and_learn/lunchin_and_learnin/config/initializers/inflections.rb": {
        "lines": [
          null,
          null,
          null,
          null,
          null,
          null,
          null,
          null,
          null,
          null,
          null,
          null,
          null,
          null,
          null,
          null
        ]
      },
      "/Users/ashleyturner/turing/3mod/lunch_and_learn/lunchin_and_learnin/config/initializers/mime_types.rb": {
        "lines": [
          null,
          null,
          null,
          null
        ]
      },
      "/Users/ashleyturner/turing/3mod/lunch_and_learn/lunchin_and_learnin/config/initializers/wrap_parameters.rb": {
        "lines": [
          null,
          null,
          null,
          null,
          null,
          null,
          1,
          2,
          null,
          null,
          null,
          null,
          null,
          null
        ]
      },
      "/Users/ashleyturner/turing/3mod/lunch_and_learn/lunchin_and_learnin/config/routes.rb": {
        "lines": [
          1,
          null,
          1,
          1,
          1,
          1,
          1,
          1,
          1,
          null,
          null,
          null
        ]
      },
      "/Users/ashleyturner/turing/3mod/lunch_and_learn/lunchin_and_learnin/app/controllers/api/v1/users_controller.rb": {
        "lines": [
          1,
          1,
          2,
          2,
          1,
          1,
          null,
          1,
          null,
          null,
          null,
          1,
          1,
          2,
          null,
          null
        ]
      },
      "/Users/ashleyturner/turing/3mod/lunch_and_learn/lunchin_and_learnin/app/controllers/application_controller.rb": {
        "lines": [
          1,
          null
        ]
      },
      "/Users/ashleyturner/turing/3mod/lunch_and_learn/lunchin_and_learnin/app/models/user.rb": {
        "lines": [
          1,
          1,
          null,
          1,
          1,
          1,
          null
        ]
      },
      "/Users/ashleyturner/turing/3mod/lunch_and_learn/lunchin_and_learnin/app/models/application_record.rb": {
        "lines": [
          1,
          1,
          null
        ]
      },
      "/Users/ashleyturner/turing/3mod/lunch_and_learn/lunchin_and_learnin/app/serializers/user_serializer.rb": {
        "lines": [
          1,
          1,
          null,
          1,
          null,
          null,
          null,
          null,
          null,
          null,
          null,
          null,
          null,
          null,
          null
        ]
      },
      "/Users/ashleyturner/turing/3mod/lunch_and_learn/lunchin_and_learnin/app/serializers/error_serializer.rb": {
        "lines": [
          1,
          1,
          null,
          1,
          null,
          null,
          null,
          null,
          1,
          null,
          0,
          null,
          null,
          null,
          null
        ]
      }
    },
    "timestamp": 1673994206
  }
}
